<?xml version="1.0" encoding="UTF-8"?>
<testsuite xmlns:xsi="http://www.w3.org/2001/XMLSchema-instance" xsi:noNamespaceSchemaLocation="https://maven.apache.org/surefire/maven-surefire-plugin/xsd/surefire-test-report.xsd" name="com.example.hellospring.HelloSpringApplicationTests" time="1.117" tests="3" errors="0" skipped="0" failures="0">
  <properties>
[...]
</properties>
  <testcase name="greetingShown" classname="com.example.hellospring.HelloSpringApplicationTests" time="0.267"/>
  <testcase name="contextLoads" classname="com.example.hellospring.HelloSpringApplicationTests" time="0.002"/>
  <testcase name="emojiGreetingShown" classname="com.example.hellospring.HelloSpringApplicationTests" time="0.002"/>
</testsuite>